2020-08-01 22:55:23,020 [myid:] - INFO  [main:QuorumPeerConfig@173] - Reading configuration from: /home/baki/Documentos/Projetos/chat-kafka-websocket/apache-zookeeper-3.6.1-bin/bin/../conf/zoo.cfg
2020-08-01 22:55:23,039 [myid:] - INFO  [main:QuorumPeerConfig@459] - clientPortAddress is 0.0.0.0:2181
2020-08-01 22:55:23,040 [myid:] - INFO  [main:QuorumPeerConfig@463] - secureClientPort is not set
2020-08-01 22:55:23,040 [myid:] - INFO  [main:QuorumPeerConfig@479] - observerMasterPort is not set
2020-08-01 22:55:23,040 [myid:] - INFO  [main:QuorumPeerConfig@496] - metricsProvider.className is org.apache.zookeeper.metrics.impl.DefaultMetricsProvider
2020-08-01 22:55:23,042 [myid:] - INFO  [main:DatadirCleanupManager@78] - autopurge.snapRetainCount set to 3
2020-08-01 22:55:23,042 [myid:] - INFO  [main:DatadirCleanupManager@79] - autopurge.purgeInterval set to 0
2020-08-01 22:55:23,042 [myid:] - INFO  [main:DatadirCleanupManager@101] - Purge task is not scheduled.
2020-08-01 22:55:23,043 [myid:] - WARN  [main:QuorumPeerMain@138] - Either no config or no quorum defined in config, running in standalone mode
2020-08-01 22:55:23,046 [myid:] - INFO  [main:ManagedUtil@44] - Log4j 1.2 jmx support found and enabled.
2020-08-01 22:55:23,055 [myid:] - INFO  [main:QuorumPeerConfig@173] - Reading configuration from: /home/baki/Documentos/Projetos/chat-kafka-websocket/apache-zookeeper-3.6.1-bin/bin/../conf/zoo.cfg
2020-08-01 22:55:23,056 [myid:] - INFO  [main:QuorumPeerConfig@459] - clientPortAddress is 0.0.0.0:2181
2020-08-01 22:55:23,056 [myid:] - INFO  [main:QuorumPeerConfig@463] - secureClientPort is not set
2020-08-01 22:55:23,056 [myid:] - INFO  [main:QuorumPeerConfig@479] - observerMasterPort is not set
2020-08-01 22:55:23,056 [myid:] - INFO  [main:QuorumPeerConfig@496] - metricsProvider.className is org.apache.zookeeper.metrics.impl.DefaultMetricsProvider
2020-08-01 22:55:23,056 [myid:] - INFO  [main:ZooKeeperServerMain@122] - Starting server
2020-08-01 22:55:23,069 [myid:] - INFO  [main:ServerMetrics@62] - ServerMetrics initialized with provider org.apache.zookeeper.metrics.impl.DefaultMetricsProvider@4470f8a6
2020-08-01 22:55:23,072 [myid:] - INFO  [main:FileTxnSnapLog@124] - zookeeper.snapshot.trust.empty : false
2020-08-01 22:55:23,073 [myid:] - ERROR [main:ZooKeeperServerMain@80] - Unable to access datadir, exiting abnormally
org.apache.zookeeper.server.persistence.FileTxnSnapLog$DatadirException: Unable to create data directory /var/lib/zookeeper/version-2
	at org.apache.zookeeper.server.persistence.FileTxnSnapLog.<init>(FileTxnSnapLog.java:136)
	at org.apache.zookeeper.server.ZooKeeperServerMain.runFromConfig(ZooKeeperServerMain.java:137)
	at org.apache.zookeeper.server.ZooKeeperServerMain.initializeAndRun(ZooKeeperServerMain.java:112)
	at org.apache.zookeeper.server.ZooKeeperServerMain.main(ZooKeeperServerMain.java:67)
	at org.apache.zookeeper.server.quorum.QuorumPeerMain.initializeAndRun(QuorumPeerMain.java:140)
	at org.apache.zookeeper.server.quorum.QuorumPeerMain.main(QuorumPeerMain.java:90)
Unable to access datadir, exiting abnormally
2020-08-01 22:55:23,074 [myid:] - INFO  [main:ZKAuditProvider@42] - ZooKeeper audit is disabled.
2020-08-01 22:55:23,076 [myid:] - ERROR [main:ServiceUtils@42] - Exiting JVM with code 3
